  icode   ic inum1 inum2 inum3   subed  recmonps reccnstps  flow(m^3)   sed(t)      orgn(kg)    orgp(kg)    nitrate(kg) sol.p(kg)   sol.pst(mg) sor.pst(mg)
       1        1        1        0        0        0                         0.6643E+07  0.9928E+04  0.3866E+05  0.1118E+05  0.1686E+04  0.1267E+03  0.0000E+00  0.0000E+00
       1        2        2        0        0        0                         0.2130E+07  0.3109E+04  0.1216E+05  0.3253E+04  0.4615E+03  0.3495E+02  0.0000E+00  0.0000E+00
       1        3        3        0        0        0                         0.1268E+07  0.1909E+04  0.6319E+04  0.1876E+04  0.3010E+03  0.2665E+02  0.0000E+00  0.0000E+00
       1        4        4        0        0        0                         0.1029E+07  0.1958E+04  0.6429E+04  0.1921E+04  0.4100E+03  0.2567E+02  0.0000E+00  0.0000E+00
       1        5        5        0        0        0                         0.1290E+07  0.2484E+04  0.9206E+04  0.2762E+04  0.5525E+03  0.3802E+02  0.0000E+00  0.0000E+00
       1        6        6        0        0        0                         0.2435E+07  0.3169E+04  0.1388E+05  0.4151E+04  0.1097E+04  0.7427E+02  0.0000E+00  0.0000E+00
       1        7        7        0        0        0                         0.9777E+07  0.2072E+05  0.7430E+05  0.2203E+05  0.2258E+04  0.2471E+03  0.0000E+00  0.0000E+00
       1        8        8        0        0        0                         0.2536E+07  0.2487E+04  0.1699E+05  0.3693E+04  0.6232E+03  0.2678E+02  0.0000E+00  0.0000E+00
       1        9        9        0        0        0                         0.1399E+07  0.3582E+04  0.1006E+05  0.3020E+04  0.5275E+02  0.2760E+02  0.0000E+00  0.0000E+00
       1       10       10        0        0        0                         0.1537E+07  0.2197E+04  0.8552E+04  0.2457E+04  0.2742E+03  0.3078E+02  0.0000E+00  0.0000E+00
       1       11       11        0        0        0                         0.5918E+07  0.8321E+04  0.3568E+05  0.1028E+05  0.2516E+04  0.1420E+03  0.0000E+00  0.0000E+00
       1       12       12        0        0        0                         0.9164E+06  0.1560E+04  0.5771E+04  0.1725E+04  0.2201E+03  0.2430E+02  0.0000E+00  0.0000E+00
       1       13       13        0        0        0                         0.1257E+07  0.1476E+04  0.6465E+04  0.1971E+04  0.5691E+03  0.3999E+02  0.0000E+00  0.0000E+00
       1       14       14        0        0        0                         0.2493E+07  0.2911E+04  0.1292E+05  0.3974E+04  0.1103E+04  0.7977E+02  0.0000E+00  0.0000E+00
       1       15       15        0        0        0                         0.1604E+07  0.2113E+04  0.1095E+05  0.2517E+04  0.4668E+03  0.1886E+02  0.0000E+00  0.0000E+00
       1       16       16        0        0        0                         0.2421E+07  0.3636E+04  0.1394E+05  0.3800E+04  0.3016E+03  0.3661E+02  0.0000E+00  0.0000E+00
       1       17       17        0        0        0                         0.1073E+07  0.1472E+04  0.5622E+04  0.1661E+04  0.1200E+03  0.2532E+02  0.0000E+00  0.0000E+00
       1       18       18        0        0        0                         0.7781E+06  0.1405E+04  0.5243E+04  0.1561E+04  0.4297E+03  0.2258E+02  0.0000E+00  0.0000E+00
       1       19       19        0        0        0                         0.2642E+07  0.8578E+04  0.2437E+05  0.7220E+04  0.4506E+03  0.5581E+02  0.0000E+00  0.0000E+00
       1       20       20        0        0        0                         0.3372E+07  0.5171E+04  0.2059E+05  0.6255E+04  0.1097E+04  0.9582E+02  0.0000E+00  0.0000E+00
       1       21       21        0        0        0                         0.1006E+07  0.9488E+03  0.6155E+04  0.1334E+04  0.1925E+03  0.1241E+02  0.0000E+00  0.0000E+00
       1       22       22        0        0        0                         0.7363E+06  0.2289E+04  0.5914E+04  0.1775E+04  0.1070E+03  0.1447E+02  0.0000E+00  0.0000E+00
       1       23       23        0        0        0                         0.3705E+07  0.4130E+04  0.1901E+05  0.5254E+04  0.8395E+03  0.7958E+02  0.0000E+00  0.0000E+00
       1       24       24        0        0        0                         0.9172E+06  0.3035E+04  0.7811E+04  0.2329E+04  0.6897E+02  0.1767E+02  0.0000E+00  0.0000E+00
       1       25       25        0        0        0                         0.3191E+07  0.6148E+04  0.2483E+05  0.7370E+04  0.1491E+04  0.8961E+02  0.0000E+00  0.0000E+00
       1       26       26        0        0        0                         0.1683E+07  0.3132E+04  0.1097E+05  0.3158E+04  0.3724E+03  0.3360E+02  0.0000E+00  0.0000E+00
       1       27       27        0        0        0                         0.1547E+07  0.2073E+04  0.8091E+04  0.2060E+04  0.2368E+03  0.2002E+02  0.0000E+00  0.0000E+00
       1       28       28        0        0        0                         0.3043E+07  0.4392E+04  0.1858E+05  0.4600E+04  0.8722E+03  0.3756E+02  0.0000E+00  0.0000E+00
       1       29       29        0        0        0                         0.1531E+07  0.3294E+04  0.9955E+04  0.3028E+04  0.4523E+03  0.3570E+02  0.0000E+00  0.0000E+00
       1       30       30        0        0        0                         0.1804E+07  0.2764E+04  0.1162E+05  0.3457E+04  0.8532E+03  0.5441E+02  0.0000E+00  0.0000E+00
       1       31       31        0        0        0                         0.2909E+07  0.5207E+04  0.1907E+05  0.5329E+04  0.4876E+03  0.5950E+02  0.0000E+00  0.0000E+00
       1       32       32        0        0        0                         0.9356E+06  0.1440E+04  0.5737E+04  0.1653E+04  0.2929E+03  0.2113E+02  0.0000E+00  0.0000E+00
       1       33       33        0        0        0                         0.2312E+07  0.1642E+04  0.7272E+04  0.1838E+04  0.2626E+03  0.2986E+02  0.0000E+00  0.0000E+00
       1       34       34        0        0        0                         0.9656E+06  0.1202E+04  0.5108E+04  0.1515E+04  0.3588E+03  0.2692E+02  0.0000E+00  0.0000E+00
       1       35       35        0        0        0                         0.1677E+07  0.2342E+04  0.1023E+05  0.3024E+04  0.8766E+03  0.5285E+02  0.0000E+00  0.0000E+00
       1       36       36        0        0        0                         0.7004E+06  0.1597E+04  0.4750E+04  0.1318E+04  0.4461E+02  0.1325E+02  0.0000E+00  0.0000E+00
       1       37       37        0        0        0                         0.2556E+07  0.2695E+04  0.1076E+05  0.3035E+04  0.8009E+03  0.4801E+02  0.0000E+00  0.0000E+00
       1       38       38        0        0        0                         0.1238E+06  0.8695E+02  0.3376E+03  0.8264E+02  0.1902E+02  0.1375E+01  0.0000E+00  0.0000E+00
       1       39       39        0        0        0                         0.9697E+06  0.1793E+04  0.6941E+04  0.2046E+04  0.3331E+03  0.2569E+02  0.0000E+00  0.0000E+00
       1       40       40        0        0        0                         0.3422E+06  0.3403E+03  0.1467E+04  0.4605E+03  0.2656E+03  0.1122E+02  0.0000E+00  0.0000E+00
       1       41       41        0        0        0                         0.2441E+07  0.3405E+04  0.2016E+05  0.4404E+04  0.5269E+03  0.2693E+02  0.0000E+00  0.0000E+00
       1       42       42        0        0        0                         0.1382E+06  0.1767E+03  0.5586E+03  0.1490E+03  0.1608E+02  0.2210E+01  0.0000E+00  0.0000E+00
       1       43       43        0        0        0                         0.1377E+07  0.9942E+03  0.4790E+04  0.1184E+04  0.3719E+03  0.1871E+02  0.0000E+00  0.0000E+00
       1       44       44        0        0        0                         0.4101E+06  0.5142E+03  0.2247E+04  0.6100E+03  0.1668E+03  0.8188E+01  0.0000E+00  0.0000E+00
       1       45       45        0        0        0                         0.6464E+06  0.1137E+04  0.4829E+04  0.1488E+04  0.6266E+03  0.2073E+02  0.0000E+00  0.0000E+00
       1       46       46        0        0        0                         0.1257E+06  0.3497E+03  0.1305E+04  0.3026E+03  0.2017E+02  0.1208E+01  0.0000E+00  0.0000E+00
       1       47       47        0        0        0                         0.7226E+06  0.3089E+03  0.1649E+04  0.3746E+03  0.2916E+03  0.6169E+01  0.0000E+00  0.0000E+00
       1       48       48        0        0        0                         0.2151E+07  0.1954E+04  0.7227E+04  0.2063E+04  0.4352E+03  0.2959E+02  0.0000E+00  0.0000E+00
       1       49       49        0        0        0                         0.4244E+06  0.2712E+03  0.1427E+04  0.3680E+03  0.2802E+03  0.5466E+01  0.0000E+00  0.0000E+00
       1       50       50        0        0        0                         0.4300E+07  0.7545E+04  0.2823E+05  0.8461E+04  0.2942E+04  0.1104E+03  0.0000E+00  0.0000E+00
       1       51       51        0        0        0                         0.1989E+07  0.2281E+04  0.1389E+05  0.3069E+04  0.3253E+03  0.2177E+02  0.0000E+00  0.0000E+00
       1       52       52        0        0        0                         0.9449E+07  0.1283E+05  0.5629E+05  0.1351E+05  0.1915E+04  0.1051E+03  0.0000E+00  0.0000E+00
       1       53       53        0        0        0                         0.3704E+07  0.3491E+04  0.1308E+05  0.3723E+04  0.9413E+03  0.5374E+02  0.0000E+00  0.0000E+00
       1       54       54        0        0        0                         0.1710E+07  0.2791E+04  0.8526E+04  0.2627E+04  0.1140E+04  0.3950E+02  0.0000E+00  0.0000E+00
       1       55       55        0        0        0                         0.2197E+07  0.1527E+04  0.9778E+04  0.2189E+04  0.3788E+03  0.2051E+02  0.0000E+00  0.0000E+00
       1       56       56        0        0        0                         0.1875E+06  0.2931E+03  0.1305E+04  0.3193E+03  0.2541E+02  0.2691E+01  0.0000E+00  0.0000E+00
       1       57       57        0        0        0                         0.6741E+06  0.1069E+04  0.3144E+04  0.8724E+03  0.6911E+02  0.9210E+01  0.0000E+00  0.0000E+00
       1       58       58        0        0        0                         0.3554E+05  0.7388E+02  0.1921E+03  0.5921E+02  0.3217E+02  0.7316E+00  0.0000E+00  0.0000E+00
       1       59       59        0        0        0                         0.5667E+06  0.4246E+03  0.2592E+04  0.5660E+03  0.9999E+02  0.4742E+01  0.0000E+00  0.0000E+00
       1       60       60        0        0        0                         0.4768E+05  0.8133E+02  0.3388E+03  0.7357E+02  0.8699E+01  0.4545E+00  0.0000E+00  0.0000E+00
       1       61       61        0        0        0                         0.1042E+07  0.9143E+03  0.4912E+04  0.1223E+04  0.1069E+03  0.1332E+02  0.0000E+00  0.0000E+00
       1       62       62        0        0        0                         0.8886E+06  0.7585E+03  0.4492E+04  0.1000E+04  0.3069E+03  0.8456E+01  0.0000E+00  0.0000E+00
       1       63       63        0        0        0                         0.2084E+07  0.2738E+04  0.1106E+05  0.2872E+04  0.2068E+03  0.3185E+02  0.0000E+00  0.0000E+00
       1       64       64        0        0        0                         0.1549E+07  0.2670E+04  0.7914E+04  0.2356E+04  0.9823E+03  0.2838E+02  0.0000E+00  0.0000E+00
       1       65       65        0        0        0                         0.3331E+07  0.3605E+04  0.1419E+05  0.3834E+04  0.3093E+03  0.4800E+02  0.0000E+00  0.0000E+00
       1       66       66        0        0        0                         0.2043E+06  0.1765E+03  0.5060E+03  0.1534E+03  0.3015E+03  0.4701E+01  0.0000E+00  0.0000E+00
       1       67       67        0        0        0                         0.1587E+07  0.3409E+04  0.9538E+04  0.2834E+04  0.4902E+03  0.3294E+02  0.0000E+00  0.0000E+00
       1       68       68        0        0        0                         0.3022E+06  0.2683E+03  0.1237E+04  0.3042E+03  0.1005E+03  0.7769E+01  0.0000E+00  0.0000E+00
       1       69       69        0        0        0                         0.3380E+05  0.2999E+02  0.1894E+03  0.4641E+02  0.1309E+02  0.7044E+00  0.0000E+00  0.0000E+00
       2       70        1        1        1        0                         0.1562E+08  0.9928E+04  0.3796E+05  0.1088E+05  0.1612E+04  0.2933E+03  0.0000E+00  0.0000E+00
       2       71        2        2        2        0                         0.2661E+07  0.3109E+04  0.1204E+05  0.3207E+04  0.4325E+03  0.6577E+02  0.0000E+00  0.0000E+00
       2       72        3        3        3        0                         0.1448E+07  0.1909E+04  0.6285E+04  0.1862E+04  0.2757E+03  0.3650E+02  0.0000E+00  0.0000E+00
       2       73        4        4        4        0                         0.1608E+07  0.1958E+04  0.6380E+04  0.1899E+04  0.3947E+03  0.4065E+02  0.0000E+00  0.0000E+00
       2       74        5        5        5        0                         0.4894E+07  0.2484E+04  0.9088E+04  0.2711E+04  0.5447E+03  0.7009E+02  0.0000E+00  0.0000E+00
       2       75        6        6        6        0                         0.5247E+07  0.3168E+04  0.1373E+05  0.4084E+04  0.1076E+04  0.1196E+03  0.0000E+00  0.0000E+00
       2       76        7        7        7        0                         0.2196E+08  0.2072E+05  0.7214E+05  0.2108E+05  0.2176E+04  0.6519E+03  0.0000E+00  0.0000E+00
       2       77        8        8        8        0                         0.2837E+07  0.2487E+04  0.1691E+05  0.3669E+04  0.6115E+03  0.4562E+02  0.0000E+00  0.0000E+00
       2       78        9        9        9        0                         0.1632E+07  0.3582E+04  0.9995E+04  0.2992E+04  0.4938E+02  0.4713E+02  0.0000E+00  0.0000E+00
       2       79       10       10       10        0                         0.1310E+07  0.2194E+04  0.8374E+04  0.2389E+04  0.1197E+03  0.6059E+02  0.0000E+00  0.0000E+00
       2       80       11       11       11        0                         0.1011E+08  0.8310E+04  0.3430E+05  0.9692E+04  0.2259E+04  0.3783E+03  0.0000E+00  0.0000E+00
       2       81       12       12       12        0                         0.1255E+07  0.1560E+04  0.5757E+04  0.1719E+04  0.2187E+03  0.2880E+02  0.0000E+00  0.0000E+00
       2       82       13       13       13        0                         0.1497E+07  0.1473E+04  0.6394E+04  0.1942E+04  0.4568E+03  0.5374E+02  0.0000E+00  0.0000E+00
       2       83       14       14       14        0                         0.4440E+07  0.2911E+04  0.1276E+05  0.3904E+04  0.1083E+04  0.1275E+03  0.0000E+00  0.0000E+00
       2       84       15       15       15        0                         0.2055E+07  0.2113E+04  0.1091E+05  0.2503E+04  0.4589E+03  0.2965E+02  0.0000E+00  0.0000E+00
       2       85       16       16       16        0                         0.3074E+07  0.3636E+04  0.1385E+05  0.3761E+04  0.2916E+03  0.6392E+02  0.0000E+00  0.0000E+00
       2       86       17       17       17        0                         0.1808E+07  0.1472E+04  0.5582E+04  0.1644E+04  0.1173E+03  0.3775E+02  0.0000E+00  0.0000E+00
       2       87       18       18       18        0                         0.1546E+07  0.1405E+04  0.5216E+04  0.1549E+04  0.4212E+03  0.3159E+02  0.0000E+00  0.0000E+00
       2       88       19       19       19        0                         0.2775E+07  0.8574E+04  0.2410E+05  0.7108E+04  0.2584E+03  0.1177E+03  0.0000E+00  0.0000E+00
       2       89       21       21       21        0                         0.1164E+07  0.9488E+03  0.6152E+04  0.1333E+04  0.1918E+03  0.1322E+02  0.0000E+00  0.0000E+00
       2       90       22       22       22        0                         0.1114E+07  0.2289E+04  0.5904E+04  0.1771E+04  0.1058E+03  0.1793E+02  0.0000E+00  0.0000E+00
       2       91       23       23       23        0                         0.4436E+07  0.4130E+04  0.1868E+05  0.5121E+04  0.7497E+03  0.1593E+03  0.0000E+00  0.0000E+00
       2       92       24       24       24        0                         0.1069E+07  0.3035E+04  0.7794E+04  0.2322E+04  0.6719E+02  0.2325E+02  0.0000E+00  0.0000E+00
       2       93       25       25       25        0                         0.3121E+07  0.6145E+04  0.2433E+05  0.7164E+04  0.1225E+04  0.1914E+03  0.0000E+00  0.0000E+00
       2       94       26       26       26        0                         0.2076E+07  0.3132E+04  0.1090E+05  0.3129E+04  0.3485E+03  0.5350E+02  0.0000E+00  0.0000E+00
       2       95       27       27       27        0                         0.1546E+07  0.2073E+04  0.8058E+04  0.2048E+04  0.2283E+03  0.2925E+02  0.0000E+00  0.0000E+00
       2       96       29       29       29        0                         0.1655E+07  0.3294E+04  0.9910E+04  0.3008E+04  0.4397E+03  0.4995E+02  0.0000E+00  0.0000E+00
       2       97       30       30       30        0                         0.1774E+07  0.2763E+04  0.1149E+05  0.3401E+04  0.7342E+03  0.8815E+02  0.0000E+00  0.0000E+00
       2       98       31       31       31        0                         0.4336E+07  0.5207E+04  0.1893E+05  0.5271E+04  0.4699E+03  0.1012E+03  0.0000E+00  0.0000E+00
       2       99       32       32       32        0                         0.1536E+07  0.1440E+04  0.5713E+04  0.1643E+04  0.2883E+03  0.2836E+02  0.0000E+00  0.0000E+00
       2      100       34       34       34        0                         0.9627E+06  0.1202E+04  0.5075E+04  0.1501E+04  0.3249E+03  0.3532E+02  0.0000E+00  0.0000E+00
       2      101       35       35       35        0                         0.1659E+07  0.2342E+04  0.1016E+05  0.2994E+04  0.8038E+03  0.7188E+02  0.0000E+00  0.0000E+00
       2      102       36       36       36        0                         0.1392E+07  0.1597E+04  0.4748E+04  0.1317E+04  0.4453E+02  0.1390E+02  0.0000E+00  0.0000E+00
       2      103       37       37       37        0                         0.7143E+07  0.2695E+04  0.1066E+05  0.2994E+04  0.7812E+03  0.7774E+02  0.0000E+00  0.0000E+00
       2      104       39       39       39        0                         0.9464E+06  0.1793E+04  0.6900E+04  0.2029E+04  0.3047E+03  0.3611E+02  0.0000E+00  0.0000E+00
       5      105       44       74        0        0                         0.5769E+07  0.2998E+04  0.1134E+05  0.3321E+04  0.7115E+03  0.7828E+02  0.0000E+00  0.0000E+00
       5      106      105      104        0        0                         0.6715E+07  0.4791E+04  0.1824E+05  0.5350E+04  0.1016E+04  0.1144E+03  0.0000E+00  0.0000E+00
       2      107       44      106       44        0                         0.6681E+07  0.4791E+04  0.1819E+05  0.5332E+04  0.1013E+04  0.1291E+03  0.0000E+00  0.0000E+00
       5      108       42       78        0        0                         0.2758E+07  0.3759E+04  0.1055E+05  0.3141E+04  0.6546E+02  0.4934E+02  0.0000E+00  0.0000E+00
       5      109      108       90        0        0                         0.3872E+07  0.6048E+04  0.1646E+05  0.4912E+04  0.1712E+03  0.6727E+02  0.0000E+00  0.0000E+00
       2      110       42      109       42        0                         0.3842E+07  0.6048E+04  0.1641E+05  0.4891E+04  0.1690E+03  0.8356E+02  0.0000E+00  0.0000E+00
       5      111       41       70        0        0                         0.2062E+08  0.1333E+05  0.5812E+05  0.1528E+05  0.2139E+04  0.3202E+03  0.0000E+00  0.0000E+00
       5      112      111       94        0        0                         0.2270E+08  0.1646E+05  0.6902E+05  0.1841E+05  0.2488E+04  0.3737E+03  0.0000E+00  0.0000E+00
       2      113       41      112       41        0                         0.2257E+08  0.1646E+05  0.6874E+05  0.1830E+05  0.2464E+04  0.4655E+03  0.0000E+00  0.0000E+00
       5      114       40       93        0        0                         0.3463E+07  0.6485E+04  0.2580E+05  0.7624E+04  0.1491E+04  0.2026E+03  0.0000E+00  0.0000E+00
       5      115      114       97        0        0                         0.5236E+07  0.9248E+04  0.3729E+05  0.1103E+05  0.2225E+04  0.2907E+03  0.0000E+00  0.0000E+00
       2      116       40      115       40        0                         0.5222E+07  0.9248E+04  0.3716E+05  0.1097E+05  0.2153E+04  0.3283E+03  0.0000E+00  0.0000E+00
       5      117       28       91        0        0                         0.1139E+08  0.8522E+04  0.3726E+05  0.9722E+04  0.1622E+04  0.1969E+03  0.0000E+00  0.0000E+00
       5      118      117      103        0        0                         0.1853E+08  0.1122E+05  0.4792E+05  0.1272E+05  0.2403E+04  0.2746E+03  0.0000E+00  0.0000E+00
       2      119       28      118       28        0                         0.1829E+08  0.1122E+05  0.4755E+05  0.1257E+05  0.2358E+04  0.3927E+03  0.0000E+00  0.0000E+00
       5      120       20       82        0        0                         0.8652E+07  0.6643E+04  0.2699E+05  0.8197E+04  0.1554E+04  0.1496E+03  0.0000E+00  0.0000E+00
       5      121      120       83        0        0                         0.1309E+08  0.9555E+04  0.3975E+05  0.1210E+05  0.2637E+04  0.2771E+03  0.0000E+00  0.0000E+00
       2      122       20      121       20        0                         0.1269E+08  0.9554E+04  0.3898E+05  0.1176E+05  0.2585E+04  0.5209E+03  0.0000E+00  0.0000E+00
       5      123       46       71        0        0                         0.3196E+07  0.3459E+04  0.1335E+05  0.3509E+04  0.4527E+03  0.6698E+02  0.0000E+00  0.0000E+00
       5      124      123      113        0        0                         0.2576E+08  0.1992E+05  0.8209E+05  0.2181E+05  0.2916E+04  0.5325E+03  0.0000E+00  0.0000E+00
       2      125       46      124       46        0                         0.2571E+08  0.1992E+05  0.8196E+05  0.2176E+05  0.2907E+04  0.5763E+03  0.0000E+00  0.0000E+00
       5      126       45      101        0        0                         0.3454E+07  0.3479E+04  0.1499E+05  0.4482E+04  0.1430E+04  0.9262E+02  0.0000E+00  0.0000E+00
       5      127      126      116        0        0                         0.8676E+07  0.1273E+05  0.5215E+05  0.1545E+05  0.3583E+04  0.4209E+03  0.0000E+00  0.0000E+00
       2      128       45      127       45        0                         0.8532E+07  0.1273E+05  0.5177E+05  0.1529E+05  0.3542E+04  0.5523E+03  0.0000E+00  0.0000E+00
       5      129       54       81        0        0                         0.5594E+07  0.4351E+04  0.1428E+05  0.4346E+04  0.1359E+04  0.6830E+02  0.0000E+00  0.0000E+00
       5      130      129      122        0        0                         0.1829E+08  0.1391E+05  0.5326E+05  0.1610E+05  0.3944E+04  0.5892E+03  0.0000E+00  0.0000E+00
       2      131       54      130       54        0                         0.1794E+08  0.1391E+05  0.5267E+05  0.1584E+05  0.3884E+04  0.8007E+03  0.0000E+00  0.0000E+00
       5      132       49       87        0        0                         0.2447E+07  0.1676E+04  0.6642E+04  0.1917E+04  0.7014E+03  0.3705E+02  0.0000E+00  0.0000E+00
       5      133      132      107        0        0                         0.9128E+07  0.6467E+04  0.2483E+05  0.7248E+04  0.1714E+04  0.1661E+03  0.0000E+00  0.0000E+00
       2      134       49      133       49        0                         0.9070E+07  0.6467E+04  0.2476E+05  0.7214E+04  0.1704E+04  0.1934E+03  0.0000E+00  0.0000E+00
       5      135       47       95        0        0                         0.2752E+07  0.2382E+04  0.9707E+04  0.2422E+04  0.5200E+03  0.3541E+02  0.0000E+00  0.0000E+00
       5      136      135      119        0        0                         0.2104E+08  0.1360E+05  0.5726E+05  0.1499E+05  0.2878E+04  0.4281E+03  0.0000E+00  0.0000E+00
       2      137       47      136       47        0                         0.2093E+08  0.1360E+05  0.5710E+05  0.1493E+05  0.2857E+04  0.4803E+03  0.0000E+00  0.0000E+00
       5      138       53       73        0        0                         0.1011E+08  0.5449E+04  0.1946E+05  0.5622E+04  0.1336E+04  0.9440E+02  0.0000E+00  0.0000E+00
       5      139      138      134        0        0                         0.1918E+08  0.1192E+05  0.4421E+05  0.1284E+05  0.3040E+04  0.2878E+03  0.0000E+00  0.0000E+00
       2      140       53      139       53        0                         0.1874E+08  0.1192E+05  0.4360E+05  0.1257E+05  0.2973E+04  0.5043E+03  0.0000E+00  0.0000E+00
       5      141       51       89        0        0                         0.5221E+07  0.3230E+04  0.2004E+05  0.4402E+04  0.5171E+03  0.3499E+02  0.0000E+00  0.0000E+00
       5      142      141      125        0        0                         0.3093E+08  0.2315E+05  0.1020E+06  0.2616E+05  0.3424E+04  0.6113E+03  0.0000E+00  0.0000E+00
       2      143       51      142       51        0                         0.3076E+08  0.2315E+05  0.1016E+06  0.2599E+05  0.3394E+04  0.7527E+03  0.0000E+00  0.0000E+00
       5      144       50       75        0        0                         0.1161E+08  0.1071E+05  0.4196E+05  0.1255E+05  0.4018E+04  0.2300E+03  0.0000E+00  0.0000E+00
       5      145      144      128        0        0                         0.2014E+08  0.2344E+05  0.9373E+05  0.2783E+05  0.7560E+04  0.7823E+03  0.0000E+00  0.0000E+00
       2      146       50      145       50        0                         0.1920E+08  0.2343E+05  0.9097E+05  0.2664E+05  0.6864E+04  0.1664E+04  0.0000E+00  0.0000E+00
       5      147       64      146        0        0                         0.2255E+08  0.2610E+05  0.9888E+05  0.2899E+05  0.7847E+04  0.1692E+04  0.0000E+00  0.0000E+00
       5      148      147      131        0        0                         0.4049E+08  0.4000E+05  0.1515E+06  0.4483E+05  0.1173E+05  0.2493E+04  0.0000E+00  0.0000E+00
       2      149       64      148       64        0                         0.4016E+08  0.4000E+05  0.1508E+06  0.4452E+05  0.1162E+05  0.2747E+04  0.0000E+00  0.0000E+00
       5      150       57       96        0        0                         0.3372E+07  0.4363E+04  0.1305E+05  0.3881E+04  0.5089E+03  0.5916E+02  0.0000E+00  0.0000E+00
       5      151      150      140        0        0                         0.2212E+08  0.1628E+05  0.5665E+05  0.1645E+05  0.3482E+04  0.5634E+03  0.0000E+00  0.0000E+00
       2      152       57      151       57        0                         0.2198E+08  0.1628E+05  0.5643E+05  0.1636E+05  0.3461E+04  0.6414E+03  0.0000E+00  0.0000E+00
       5      153       55       85        0        0                         0.7054E+07  0.5162E+04  0.2363E+05  0.5949E+04  0.6704E+03  0.8444E+02  0.0000E+00  0.0000E+00
       5      154      153      143        0        0                         0.3781E+08  0.2832E+05  0.1252E+06  0.3194E+05  0.4065E+04  0.8371E+03  0.0000E+00  0.0000E+00
       2      155       55      154       55        0                         0.3755E+08  0.2832E+05  0.1246E+06  0.3169E+05  0.4021E+04  0.1041E+04  0.0000E+00  0.0000E+00
       5      156       61       92        0        0                         0.2818E+07  0.3950E+04  0.1271E+05  0.3545E+04  0.1741E+03  0.3657E+02  0.0000E+00  0.0000E+00
       5      157      156      152        0        0                         0.2479E+08  0.2023E+05  0.6914E+05  0.1990E+05  0.3635E+04  0.6779E+03  0.0000E+00  0.0000E+00
       2      158       61      157       61        0                         0.2457E+08  0.2023E+05  0.6877E+05  0.1974E+05  0.3601E+04  0.8082E+03  0.0000E+00  0.0000E+00
       5      159       59       77        0        0                         0.3820E+07  0.2911E+04  0.1951E+05  0.4235E+04  0.7115E+03  0.5036E+02  0.0000E+00  0.0000E+00
       5      160      159      155        0        0                         0.4137E+08  0.3123E+05  0.1441E+06  0.3593E+05  0.4732E+04  0.1092E+04  0.0000E+00  0.0000E+00
       2      161       59      160       59        0                         0.4126E+08  0.3123E+05  0.1438E+06  0.3583E+05  0.4714E+04  0.1176E+04  0.0000E+00  0.0000E+00
       5      162       62       84        0        0                         0.3803E+07  0.2872E+04  0.1540E+05  0.3504E+04  0.7658E+03  0.3811E+02  0.0000E+00  0.0000E+00
       5      163      162      161        0        0                         0.4507E+08  0.3410E+05  0.1592E+06  0.3933E+05  0.5480E+04  0.1214E+04  0.0000E+00  0.0000E+00
       2      164       62      163       62        0                         0.4489E+08  0.3410E+05  0.1587E+06  0.3914E+05  0.5448E+04  0.1372E+04  0.0000E+00  0.0000E+00
       5      165       33       79        0        0                         0.5080E+07  0.3836E+04  0.1565E+05  0.4227E+04  0.3823E+03  0.9045E+02  0.0000E+00  0.0000E+00
       5      166      165      158        0        0                         0.2965E+08  0.2406E+05  0.8442E+05  0.2397E+05  0.3983E+04  0.8986E+03  0.0000E+00  0.0000E+00
       2      167       33      166       33        0                         0.2926E+08  0.2406E+05  0.8378E+05  0.2370E+05  0.3928E+04  0.1123E+04  0.0000E+00  0.0000E+00
       5      168       52      137        0        0                         0.3975E+08  0.2643E+05  0.1134E+06  0.2844E+05  0.4772E+04  0.5853E+03  0.0000E+00  0.0000E+00
       5      169      168      164        0        0                         0.8464E+08  0.6053E+05  0.2721E+06  0.6758E+05  0.1022E+05  0.1958E+04  0.0000E+00  0.0000E+00
       2      170       52      169       52        0                         0.8304E+08  0.6053E+05  0.2673E+06  0.6576E+05  0.9946E+04  0.3491E+04  0.0000E+00  0.0000E+00
       5      171       56       80        0        0                         0.1065E+08  0.8603E+04  0.3560E+05  0.1001E+05  0.2285E+04  0.3810E+03  0.0000E+00  0.0000E+00
       5      172      171      170        0        0                         0.9369E+08  0.6913E+05  0.3029E+06  0.7577E+05  0.1223E+05  0.3872E+04  0.0000E+00  0.0000E+00
       2      173       56      172       56        0                         0.9357E+08  0.6913E+05  0.3026E+06  0.7565E+05  0.1221E+05  0.3980E+04  0.0000E+00  0.0000E+00
       5      174       60       98        0        0                         0.5309E+07  0.5288E+04  0.1927E+05  0.5345E+04  0.4786E+03  0.1017E+03  0.0000E+00  0.0000E+00
       5      175      174      173        0        0                         0.9888E+08  0.7442E+05  0.3218E+06  0.8099E+05  0.1269E+05  0.4082E+04  0.0000E+00  0.0000E+00
       2      176       60      175       60        0                         0.9880E+08  0.7442E+05  0.3216E+06  0.8091E+05  0.1268E+05  0.4151E+04  0.0000E+00  0.0000E+00
       5      177       63      102        0        0                         0.6746E+07  0.4335E+04  0.1581E+05  0.4189E+04  0.2514E+03  0.4575E+02  0.0000E+00  0.0000E+00
       5      178      177      176        0        0                         0.1055E+09  0.7875E+05  0.3374E+06  0.8510E+05  0.1293E+05  0.4197E+04  0.0000E+00  0.0000E+00
       2      179       63      178       63        0                         0.1049E+09  0.7875E+05  0.3354E+06  0.8432E+05  0.1283E+05  0.4858E+04  0.0000E+00  0.0000E+00
       5      180       65       99        0        0                         0.9946E+07  0.5045E+04  0.1990E+05  0.5477E+04  0.5976E+03  0.7636E+02  0.0000E+00  0.0000E+00
       5      181      180      179        0        0                         0.1149E+09  0.8380E+05  0.3553E+06  0.8979E+05  0.1343E+05  0.4934E+04  0.0000E+00  0.0000E+00
       2      182       65      181       65        0                         0.1138E+09  0.8380E+05  0.3522E+06  0.8861E+05  0.1328E+05  0.5937E+04  0.0000E+00  0.0000E+00
       5      183       38      110        0        0                         0.4172E+07  0.6135E+04  0.1675E+05  0.4974E+04  0.1880E+03  0.8493E+02  0.0000E+00  0.0000E+00
       5      184      183      182        0        0                         0.1180E+09  0.8993E+05  0.3689E+06  0.9358E+05  0.1347E+05  0.6022E+04  0.0000E+00  0.0000E+00
       2      185       38      184       38        0                         0.1178E+09  0.8993E+05  0.3684E+06  0.9338E+05  0.1345E+05  0.6187E+04  0.0000E+00  0.0000E+00
       5      186       43      167        0        0                         0.3195E+08  0.2506E+05  0.8857E+05  0.2488E+05  0.4300E+04  0.1141E+04  0.0000E+00  0.0000E+00
       5      187      186      185        0        0                         0.1498E+09  0.1150E+06  0.4570E+06  0.1183E+06  0.1775E+05  0.7328E+04  0.0000E+00  0.0000E+00
       2      188       43      187       43        0                         0.1490E+09  0.1150E+06  0.4544E+06  0.1172E+06  0.1766E+05  0.8209E+04  0.0000E+00  0.0000E+00
       5      189       48       72        0        0                         0.6021E+07  0.3863E+04  0.1351E+05  0.3925E+04  0.7109E+03  0.6610E+02  0.0000E+00  0.0000E+00
       5      190      189      188        0        0                         0.1550E+09  0.1189E+06  0.4679E+06  0.1212E+06  0.1837E+05  0.8275E+04  0.0000E+00  0.0000E+00
       2      191       48      190       48        0                         0.1540E+09  0.1189E+06  0.4646E+06  0.1199E+06  0.1828E+05  0.9372E+04  0.0000E+00  0.0000E+00
       5      192       66       86        0        0                         0.2253E+07  0.1649E+04  0.6088E+04  0.1798E+04  0.4188E+03  0.4245E+02  0.0000E+00  0.0000E+00
       5      193      192      191        0        0                         0.1563E+09  0.1205E+06  0.4707E+06  0.1217E+06  0.1870E+05  0.9415E+04  0.0000E+00  0.0000E+00
       2      194       66      193       66        0                         0.1560E+09  0.1205E+06  0.4701E+06  0.1214E+06  0.1867E+05  0.9624E+04  0.0000E+00  0.0000E+00
       5      195       67      149        0        0                         0.4498E+08  0.4341E+05  0.1604E+06  0.4735E+05  0.1211E+05  0.2780E+04  0.0000E+00  0.0000E+00
       5      196      195      194        0        0                         0.2010E+09  0.1639E+06  0.6304E+06  0.1688E+06  0.3079E+05  0.1240E+05  0.0000E+00  0.0000E+00
       2      197       67      196       67        0                         0.1998E+09  0.1639E+06  0.6261E+06  0.1670E+06  0.3065E+05  0.1391E+05  0.0000E+00  0.0000E+00
       5      198       68       88        0        0                         0.3722E+07  0.8842E+04  0.2534E+05  0.7413E+04  0.3589E+03  0.1255E+03  0.0000E+00  0.0000E+00
       5      199      198      197        0        0                         0.2036E+09  0.1728E+06  0.6514E+06  0.1744E+06  0.3101E+05  0.1403E+05  0.0000E+00  0.0000E+00
       2      200       68      199       68        0                         0.2030E+09  0.1728E+06  0.6491E+06  0.1735E+06  0.3096E+05  0.1482E+05  0.0000E+00  0.0000E+00
       5      201       69      100        0        0                         0.1584E+07  0.1232E+04  0.5265E+04  0.1548E+04  0.3380E+03  0.3602E+02  0.0000E+00  0.0000E+00
       5      202      201      200        0        0                         0.2045E+09  0.1740E+06  0.6544E+06  0.1750E+06  0.3130E+05  0.1486E+05  0.0000E+00  0.0000E+00
       2      203       69      202       69        0                         0.2042E+09  0.1740E+06  0.6535E+06  0.1747E+06  0.3127E+05  0.1515E+05  0.0000E+00  0.0000E+00
       5      204       58       76        0        0                         0.2226E+08  0.2080E+05  0.7233E+05  0.2114E+05  0.2208E+04  0.6526E+03  0.0000E+00  0.0000E+00
       5      205      204      203        0        0                         0.2265E+09  0.1948E+06  0.7258E+06  0.1958E+06  0.3348E+05  0.1581E+05  0.0000E+00  0.0000E+00
       2      206       58      205       58        0                         0.2263E+09  0.1948E+06  0.7252E+06  0.1956E+06  0.3347E+05  0.1601E+05  0.0000E+00  0.0000E+00
      14      206        1        0        0        0                         0.2263E+09  0.1948E+06  0.7252E+06  0.1956E+06  0.3347E+05  0.1601E+05  0.0000E+00  0.0000E+00
